Traceback (most recent call last):
  File "/Users/mb312/Library/Python/3.8/lib/python/site-packages/jupyter_cache/executors/utils.py", line 51, in single_nb_execution
    executenb(
  File "/Users/mb312/Library/Python/3.8/lib/python/site-packages/nbclient/client.py", line 1112, in execute
    return NotebookClient(nb=nb, resources=resources, km=km, **kwargs).execute()
  File "/Users/mb312/Library/Python/3.8/lib/python/site-packages/nbclient/util.py", line 74, in wrapped
    return just_run(coro(*args, **kwargs))
  File "/Users/mb312/Library/Python/3.8/lib/python/site-packages/nbclient/util.py", line 53, in just_run
    return loop.run_until_complete(coro)
  File "/usr/local/Cellar/python@3.8/3.8.13/Frameworks/Python.framework/Versions/3.8/lib/python3.8/asyncio/base_events.py", line 616, in run_until_complete
    return future.result()
  File "/Users/mb312/Library/Python/3.8/lib/python/site-packages/nbclient/client.py", line 553, in async_execute
    await self.async_execute_cell(
  File "/Users/mb312/Library/Python/3.8/lib/python/site-packages/nbclient/client.py", line 857, in async_execute_cell
    self._check_raise_for_error(cell, exec_reply)
  File "/Users/mb312/Library/Python/3.8/lib/python/site-packages/nbclient/client.py", line 760, in _check_raise_for_error
    raise CellExecutionError.from_cell_and_msg(cell, exec_reply_content)
nbclient.exceptions.CellExecutionError: An error occurred while executing the following cell:
------------------
import nipraxis

# Fetch the file.
stim_fname = nipraxis.fetch_data('24719.f3_beh_CHYM.csv')
# Show the filename.
stim_fname
------------------

[0;31m---------------------------------------------------------------------------[0m
[0;31mAttributeError[0m                            Traceback (most recent call last)
Input [0;32mIn [7][0m, in [0;36m<cell line: 4>[0;34m()[0m
[1;32m      1[0m [38;5;28;01mimport[39;00m [38;5;21;01mnipraxis[39;00m
[1;32m      3[0m [38;5;66;03m# Fetch the file.[39;00m
[0;32m----> 4[0m stim_fname [38;5;241m=[39m [43mnipraxis[49m[38;5;241;43m.[39;49m[43mfetch_data[49m([38;5;124m'[39m[38;5;124m24719.f3_beh_CHYM.csv[39m[38;5;124m'[39m)
[1;32m      5[0m [38;5;66;03m# Show the filename.[39;00m
[1;32m      6[0m stim_fname

[0;31mAttributeError[0m: module 'nipraxis' has no attribute 'fetch_data'
AttributeError: module 'nipraxis' has no attribute 'fetch_data'

