Traceback (most recent call last):
  File "/Volumes/zorg/mb312/.virtualenvs/nipraxis-textbook/lib/python3.8/site-packages/jupyter_cache/executors/utils.py", line 51, in single_nb_execution
    executenb(
  File "/Volumes/zorg/mb312/.virtualenvs/nipraxis-textbook/lib/python3.8/site-packages/nbclient/client.py", line 1204, in execute
    return NotebookClient(nb=nb, resources=resources, km=km, **kwargs).execute()
  File "/Volumes/zorg/mb312/.virtualenvs/nipraxis-textbook/lib/python3.8/site-packages/nbclient/util.py", line 84, in wrapped
    return just_run(coro(*args, **kwargs))
  File "/Volumes/zorg/mb312/.virtualenvs/nipraxis-textbook/lib/python3.8/site-packages/nbclient/util.py", line 62, in just_run
    return loop.run_until_complete(coro)
  File "/usr/local/opt/python@3.8/Frameworks/Python.framework/Versions/3.8/lib/python3.8/asyncio/base_events.py", line 616, in run_until_complete
    return future.result()
  File "/Volumes/zorg/mb312/.virtualenvs/nipraxis-textbook/lib/python3.8/site-packages/nbclient/client.py", line 663, in async_execute
    await self.async_execute_cell(
  File "/Volumes/zorg/mb312/.virtualenvs/nipraxis-textbook/lib/python3.8/site-packages/nbclient/client.py", line 965, in async_execute_cell
    await self._check_raise_for_error(cell, cell_index, exec_reply)
  File "/Volumes/zorg/mb312/.virtualenvs/nipraxis-textbook/lib/python3.8/site-packages/nbclient/client.py", line 862, in _check_raise_for_error
    raise CellExecutionError.from_cell_and_msg(cell, exec_reply_content)
nbclient.exceptions.CellExecutionError: An error occurred while executing the following cell:
------------------
from nipraxis.rotations import x_rotmat
# rotation matrix for rotation of 0.2 radians around x axis
M = x_rotmat(0.2)
M
translation = [1, 2, 3]  # Translation from I to J
translation
------------------

[0;31m---------------------------------------------------------------------------[0m
[0;31mModuleNotFoundError[0m                       Traceback (most recent call last)
Input [0;32mIn [6][0m, in [0;36m<cell line: 1>[0;34m()[0m
[0;32m----> 1[0m [38;5;28;01mfrom[39;00m [38;5;21;01mnipraxis[39;00m[38;5;21;01m.[39;00m[38;5;21;01mrotations[39;00m [38;5;28;01mimport[39;00m x_rotmat
[1;32m      2[0m [38;5;66;03m# rotation matrix for rotation of 0.2 radians around x axis[39;00m
[1;32m      3[0m M [38;5;241m=[39m x_rotmat([38;5;241m0.2[39m)

[0;31mModuleNotFoundError[0m: No module named 'nipraxis.rotations'
ModuleNotFoundError: No module named 'nipraxis.rotations'

